

Started GET "/organizations" for 127.0.0.1 at 2014-05-20 11:36:41 -0400

ActionController::RoutingError (No route matches [GET] "/organizations"):
  actionpack (4.1.1) lib/action_dispatch/middleware/debug_exceptions.rb:21:in `call'
  actionpack (4.1.1) lib/action_dispatch/middleware/show_exceptions.rb:30:in `call'
  railties (4.1.1) lib/rails/rack/logger.rb:38:in `call_app'
  railties (4.1.1) lib/rails/rack/logger.rb:20:in `block in call'
  activesupport (4.1.1) lib/active_support/tagged_logging.rb:68:in `block in tagged'
  activesupport (4.1.1) lib/active_support/tagged_logging.rb:26:in `tagged'
  activesupport (4.1.1) lib/active_support/tagged_logging.rb:68:in `tagged'
  railties (4.1.1) lib/rails/rack/logger.rb:20:in `call'
  actionpack (4.1.1) lib/action_dispatch/middleware/request_id.rb:21:in `call'
  rack (1.5.2) lib/rack/methodoverride.rb:21:in `call'
  rack (1.5.2) lib/rack/runtime.rb:17:in `call'
  activesupport (4.1.1) lib/active_support/cache/strategy/local_cache_middleware.rb:26:in `call'
  rack (1.5.2) lib/rack/lock.rb:17:in `call'
  actionpack (4.1.1) lib/action_dispatch/middleware/static.rb:64:in `call'
  rack (1.5.2) lib/rack/sendfile.rb:112:in `call'
  railties (4.1.1) lib/rails/engine.rb:514:in `call'
  railties (4.1.1) lib/rails/application.rb:144:in `call'
  rack (1.5.2) lib/rack/lock.rb:17:in `call'
  rack (1.5.2) lib/rack/content_length.rb:14:in `call'
  rack (1.5.2) lib/rack/handler/webrick.rb:60:in `service'
  /Users/jthullbery/.rvm/rubies/ruby-1.9.3-p392/lib/ruby/1.9.1/webrick/httpserver.rb:138:in `service'
  /Users/jthullbery/.rvm/rubies/ruby-1.9.3-p392/lib/ruby/1.9.1/webrick/httpserver.rb:94:in `run'
  /Users/jthullbery/.rvm/rubies/ruby-1.9.3-p392/lib/ruby/1.9.1/webrick/server.rb:191:in `block in start_thread'


  Rendered /Users/jthullbery/.rvm/gems/ruby-1.9.3-p392/gems/actionpack-4.1.1/lib/action_dispatch/middleware/templates/rescues/_trace.html.erb (0.9ms)
  Rendered /Users/jthullbery/.rvm/gems/ruby-1.9.3-p392/gems/actionpack-4.1.1/lib/action_dispatch/middleware/templates/routes/_route.html.erb (0.6ms)
  Rendered /Users/jthullbery/.rvm/gems/ruby-1.9.3-p392/gems/actionpack-4.1.1/lib/action_dispatch/middleware/templates/routes/_table.html.erb (61.2ms)
  Rendered /Users/jthullbery/.rvm/gems/ruby-1.9.3-p392/gems/actionpack-4.1.1/lib/action_dispatch/middleware/templates/rescues/routing_error.html.erb within rescues/layout (81.4ms)


Started GET "/accept_user_input" for 127.0.0.1 at 2014-05-20 11:36:46 -0400

AbstractController::ActionNotFound (The action 'index' could not be found for DashboardController):
  actionpack (4.1.1) lib/abstract_controller/base.rb:131:in `process'
  actionview (4.1.1) lib/action_view/rendering.rb:30:in `process'
  actionpack (4.1.1) lib/action_controller/metal.rb:195:in `dispatch'
  actionpack (4.1.1) lib/action_controller/metal/rack_delegation.rb:13:in `dispatch'
  actionpack (4.1.1) lib/action_controller/metal.rb:231:in `block in action'
  actionpack (4.1.1) lib/action_dispatch/routing/route_set.rb:80:in `call'
  actionpack (4.1.1) lib/action_dispatch/routing/route_set.rb:80:in `dispatch'
  actionpack (4.1.1) lib/action_dispatch/routing/route_set.rb:48:in `call'
  actionpack (4.1.1) lib/action_dispatch/journey/router.rb:71:in `block in call'
  actionpack (4.1.1) lib/action_dispatch/journey/router.rb:59:in `each'
  actionpack (4.1.1) lib/action_dispatch/journey/router.rb:59:in `call'
  actionpack (4.1.1) lib/action_dispatch/routing/route_set.rb:676:in `call'
  rack (1.5.2) lib/rack/etag.rb:23:in `call'
  rack (1.5.2) lib/rack/conditionalget.rb:25:in `call'
  rack (1.5.2) lib/rack/head.rb:11:in `call'
  actionpack (4.1.1) lib/action_dispatch/middleware/params_parser.rb:27:in `call'
  actionpack (4.1.1) lib/action_dispatch/middleware/flash.rb:254:in `call'
  rack (1.5.2) lib/rack/session/abstract/id.rb:225:in `context'
  rack (1.5.2) lib/rack/session/abstract/id.rb:220:in `call'
  actionpack (4.1.1) lib/action_dispatch/middleware/cookies.rb:560:in `call'
  activerecord (4.1.1) lib/active_record/query_cache.rb:36:in `call'
  activerecord (4.1.1) lib/active_record/connection_adapters/abstract/connection_pool.rb:621:in `call'
  activerecord (4.1.1) lib/active_record/migration.rb:380:in `call'
  actionpack (4.1.1) lib/action_dispatch/middleware/callbacks.rb:29:in `block in call'
  activesupport (4.1.1) lib/active_support/callbacks.rb:82:in `run_callbacks'
  actionpack (4.1.1) lib/action_dispatch/middleware/callbacks.rb:27:in `call'
  actionpack (4.1.1) lib/action_dispatch/middleware/reloader.rb:73:in `call'
  actionpack (4.1.1) lib/action_dispatch/middleware/remote_ip.rb:76:in `call'
  actionpack (4.1.1) lib/action_dispatch/middleware/debug_exceptions.rb:17:in `call'
  actionpack (4.1.1) lib/action_dispatch/middleware/show_exceptions.rb:30:in `call'
  railties (4.1.1) lib/rails/rack/logger.rb:38:in `call_app'
  railties (4.1.1) lib/rails/rack/logger.rb:20:in `block in call'
  activesupport (4.1.1) lib/active_support/tagged_logging.rb:68:in `block in tagged'
  activesupport (4.1.1) lib/active_support/tagged_logging.rb:26:in `tagged'
  activesupport (4.1.1) lib/active_support/tagged_logging.rb:68:in `tagged'
  railties (4.1.1) lib/rails/rack/logger.rb:20:in `call'
  actionpack (4.1.1) lib/action_dispatch/middleware/request_id.rb:21:in `call'
  rack (1.5.2) lib/rack/methodoverride.rb:21:in `call'
  rack (1.5.2) lib/rack/runtime.rb:17:in `call'
  activesupport (4.1.1) lib/active_support/cache/strategy/local_cache_middleware.rb:26:in `call'
  rack (1.5.2) lib/rack/lock.rb:17:in `call'
  actionpack (4.1.1) lib/action_dispatch/middleware/static.rb:64:in `call'
  rack (1.5.2) lib/rack/sendfile.rb:112:in `call'
  railties (4.1.1) lib/rails/engine.rb:514:in `call'
  railties (4.1.1) lib/rails/application.rb:144:in `call'
  rack (1.5.2) lib/rack/lock.rb:17:in `call'
  rack (1.5.2) lib/rack/content_length.rb:14:in `call'
  rack (1.5.2) lib/rack/handler/webrick.rb:60:in `service'
  /Users/jthullbery/.rvm/rubies/ruby-1.9.3-p392/lib/ruby/1.9.1/webrick/httpserver.rb:138:in `service'
  /Users/jthullbery/.rvm/rubies/ruby-1.9.3-p392/lib/ruby/1.9.1/webrick/httpserver.rb:94:in `run'
  /Users/jthullbery/.rvm/rubies/ruby-1.9.3-p392/lib/ruby/1.9.1/webrick/server.rb:191:in `block in start_thread'


  Rendered /Users/jthullbery/.rvm/gems/ruby-1.9.3-p392/gems/actionpack-4.1.1/lib/action_dispatch/middleware/templates/rescues/unknown_action.html.erb within rescues/layout (0.4ms)


Started GET "/accept_user_input" for 127.0.0.1 at 2014-05-20 11:39:04 -0400
Processing by DashboardController#index as HTML
  Rendered dashboard/index.html.erb within layouts/application (5.0ms)
Completed 500 Internal Server Error in 56ms

ActionView::Template::Error (can't convert Symbol into Integer):
    1: <%= form_for :test, submit_user_input_path() do |f| %>
    2:   <%= f.text_field :user_input %>
    3: <% end %>
  app/views/dashboard/index.html.erb:1:in `_app_views_dashboard_index_html_erb___1802789148647276565_70213035091920'


  Rendered /Users/jthullbery/.rvm/gems/ruby-1.9.3-p392/gems/actionpack-4.1.1/lib/action_dispatch/middleware/templates/rescues/_trace.html.erb (0.9ms)
  Rendered /Users/jthullbery/.rvm/gems/ruby-1.9.3-p392/gems/actionpack-4.1.1/lib/action_dispatch/middleware/templates/rescues/_request_and_response.html.erb (0.7ms)
  Rendered /Users/jthullbery/.rvm/gems/ruby-1.9.3-p392/gems/actionpack-4.1.1/lib/action_dispatch/middleware/templates/rescues/template_error.html.erb within rescues/layout (10.3ms)


Started GET "/accept_user_input" for 127.0.0.1 at 2014-05-20 11:40:07 -0400
Processing by DashboardController#index as HTML
  Rendered dashboard/index.html.erb within layouts/application (6.5ms)
Completed 200 OK in 494ms (Views: 493.8ms | ActiveRecord: 0.0ms)


Started GET "/assets/dashboard.css?body=1" for 127.0.0.1 at 2014-05-20 11:40:08 -0400


Started GET "/assets/application.css?body=1" for 127.0.0.1 at 2014-05-20 11:40:08 -0400


Started GET "/assets/dashboard.js?body=1" for 127.0.0.1 at 2014-05-20 11:40:08 -0400


Started GET "/assets/jquery.js?body=1" for 127.0.0.1 at 2014-05-20 11:40:08 -0400


Started GET "/assets/jquery_ujs.js?body=1" for 127.0.0.1 at 2014-05-20 11:40:08 -0400


Started GET "/assets/turbolinks.js?body=1" for 127.0.0.1 at 2014-05-20 11:40:08 -0400


Started GET "/assets/application.js?body=1" for 127.0.0.1 at 2014-05-20 11:40:08 -0400


Started GET "/accept_user_input" for 127.0.0.1 at 2014-05-20 11:40:19 -0400
Processing by DashboardController#index as HTML
  Rendered dashboard/index.html.erb within layouts/application (5.7ms)
Completed 200 OK in 10ms (Views: 9.4ms | ActiveRecord: 0.0ms)


Started GET "/assets/dashboard.css?body=1" for 127.0.0.1 at 2014-05-20 11:40:19 -0400


Started GET "/assets/jquery.js?body=1" for 127.0.0.1 at 2014-05-20 11:40:19 -0400


Started GET "/assets/application.css?body=1" for 127.0.0.1 at 2014-05-20 11:40:19 -0400


Started GET "/assets/jquery_ujs.js?body=1" for 127.0.0.1 at 2014-05-20 11:40:19 -0400


Started GET "/assets/turbolinks.js?body=1" for 127.0.0.1 at 2014-05-20 11:40:19 -0400


Started GET "/assets/application.js?body=1" for 127.0.0.1 at 2014-05-20 11:40:19 -0400


Started GET "/assets/dashboard.js?body=1" for 127.0.0.1 at 2014-05-20 11:40:19 -0400


Started GET "/accept_user_input" for 127.0.0.1 at 2014-05-20 11:40:27 -0400
Processing by DashboardController#index as HTML
  Rendered dashboard/index.html.erb within layouts/application (1.1ms)
Completed 200 OK in 5ms (Views: 4.3ms | ActiveRecord: 0.0ms)


Started GET "/assets/dashboard.css?body=1" for 127.0.0.1 at 2014-05-20 11:40:27 -0400


Started GET "/assets/dashboard.js?body=1" for 127.0.0.1 at 2014-05-20 11:40:27 -0400


Started GET "/assets/application.css?body=1" for 127.0.0.1 at 2014-05-20 11:40:27 -0400


Started GET "/assets/turbolinks.js?body=1" for 127.0.0.1 at 2014-05-20 11:40:27 -0400


Started GET "/assets/jquery.js?body=1" for 127.0.0.1 at 2014-05-20 11:40:27 -0400


Started GET "/assets/jquery_ujs.js?body=1" for 127.0.0.1 at 2014-05-20 11:40:27 -0400


Started GET "/assets/application.js?body=1" for 127.0.0.1 at 2014-05-20 11:40:27 -0400


Started POST "/submit_user_input" for 127.0.0.1 at 2014-05-20 11:40:33 -0400
Processing by DashboardController#submit as HTML
  Parameters: {"utf8"=>"✓", "authenticity_token"=>"gC8EHS+YB+LRrMVqEAw51kUy7hteFFgFq9wNvbHmG58=", "user_input"=>{"user_input"=>"This is input"}, "commit"=>"Save User input"}
Completed 500 Internal Server Error in 2ms

ActionView::MissingTemplate (Missing template dashboard/submit, application/submit with {:locale=>[:en], :formats=>[:html], :variants=>[], :handlers=>[:erb, :builder, :raw, :ruby, :jbuilder, :coffee]}. Searched in:
  * "/Users/jthullbery/Documents/github/germs12/accept_user_input/app/views"
):
  actionview (4.1.1) lib/action_view/path_set.rb:46:in `find'
  actionview (4.1.1) lib/action_view/lookup_context.rb:124:in `find'
  actionview (4.1.1) lib/action_view/renderer/abstract_renderer.rb:18:in `find_template'
  actionview (4.1.1) lib/action_view/renderer/template_renderer.rb:41:in `determine_template'
  actionview (4.1.1) lib/action_view/renderer/template_renderer.rb:8:in `render'
  actionview (4.1.1) lib/action_view/renderer/renderer.rb:42:in `render_template'
  actionview (4.1.1) lib/action_view/renderer/renderer.rb:23:in `render'
  actionview (4.1.1) lib/action_view/rendering.rb:99:in `_render_template'
  actionpack (4.1.1) lib/action_controller/metal/streaming.rb:217:in `_render_template'
  actionview (4.1.1) lib/action_view/rendering.rb:82:in `render_to_body'
  actionpack (4.1.1) lib/action_controller/metal/rendering.rb:32:in `render_to_body'
  actionpack (4.1.1) lib/action_controller/metal/renderers.rb:32:in `render_to_body'
  actionpack (4.1.1) lib/abstract_controller/rendering.rb:25:in `render'
  actionpack (4.1.1) lib/action_controller/metal/rendering.rb:16:in `render'
  actionpack (4.1.1) lib/action_controller/metal/instrumentation.rb:41:in `block (2 levels) in render'
  activesupport (4.1.1) lib/active_support/core_ext/benchmark.rb:12:in `block in ms'
  /Users/jthullbery/.rvm/rubies/ruby-1.9.3-p392/lib/ruby/1.9.1/benchmark.rb:295:in `realtime'
  activesupport (4.1.1) lib/active_support/core_ext/benchmark.rb:12:in `ms'
  actionpack (4.1.1) lib/action_controller/metal/instrumentation.rb:41:in `block in render'
  actionpack (4.1.1) lib/action_controller/metal/instrumentation.rb:84:in `cleanup_view_runtime'
  activerecord (4.1.1) lib/active_record/railties/controller_runtime.rb:25:in `cleanup_view_runtime'
  actionpack (4.1.1) lib/action_controller/metal/instrumentation.rb:40:in `render'
  actionpack (4.1.1) lib/action_controller/metal/implicit_render.rb:10:in `default_render'
  actionpack (4.1.1) lib/action_controller/metal/implicit_render.rb:5:in `send_action'
  actionpack (4.1.1) lib/abstract_controller/base.rb:189:in `process_action'
  actionpack (4.1.1) lib/action_controller/metal/rendering.rb:10:in `process_action'
  actionpack (4.1.1) lib/abstract_controller/callbacks.rb:20:in `block in process_action'
  activesupport (4.1.1) lib/active_support/callbacks.rb:113:in `call'
  activesupport (4.1.1) lib/active_support/callbacks.rb:113:in `call'
  activesupport (4.1.1) lib/active_support/callbacks.rb:229:in `block in halting'
  activesupport (4.1.1) lib/active_support/callbacks.rb:229:in `call'
  activesupport (4.1.1) lib/active_support/callbacks.rb:229:in `block in halting'
  activesupport (4.1.1) lib/active_support/callbacks.rb:166:in `call'
  activesupport (4.1.1) lib/active_support/callbacks.rb:166:in `block in halting'
  activesupport (4.1.1) lib/active_support/callbacks.rb:166:in `call'
  activesupport (4.1.1) lib/active_support/callbacks.rb:166:in `block in halting'
  activesupport (4.1.1) lib/active_support/callbacks.rb:166:in `call'
  activesupport (4.1.1) lib/active_support/callbacks.rb:166:in `block in halting'
  activesupport (4.1.1) lib/active_support/callbacks.rb:86:in `call'
  activesupport (4.1.1) lib/active_support/callbacks.rb:86:in `run_callbacks'
  actionpack (4.1.1) lib/abstract_controller/callbacks.rb:19:in `process_action'
  actionpack (4.1.1) lib/action_controller/metal/rescue.rb:29:in `process_action'
  actionpack (4.1.1) lib/action_controller/metal/instrumentation.rb:31:in `block in process_action'
  activesupport (4.1.1) lib/active_support/notifications.rb:159:in `block in instrument'
  activesupport (4.1.1) lib/active_support/notifications/instrumenter.rb:20:in `instrument'
  activesupport (4.1.1) lib/active_support/notifications.rb:159:in `instrument'
  actionpack (4.1.1) lib/action_controller/metal/instrumentation.rb:30:in `process_action'
  actionpack (4.1.1) lib/action_controller/metal/params_wrapper.rb:250:in `process_action'
  activerecord (4.1.1) lib/active_record/railties/controller_runtime.rb:18:in `process_action'
  actionpack (4.1.1) lib/abstract_controller/base.rb:136:in `process'
  actionview (4.1.1) lib/action_view/rendering.rb:30:in `process'
  actionpack (4.1.1) lib/action_controller/metal.rb:195:in `dispatch'
  actionpack (4.1.1) lib/action_controller/metal/rack_delegation.rb:13:in `dispatch'
  actionpack (4.1.1) lib/action_controller/metal.rb:231:in `block in action'
  actionpack (4.1.1) lib/action_dispatch/routing/route_set.rb:80:in `call'
  actionpack (4.1.1) lib/action_dispatch/routing/route_set.rb:80:in `dispatch'
  actionpack (4.1.1) lib/action_dispatch/routing/route_set.rb:48:in `call'
  actionpack (4.1.1) lib/action_dispatch/journey/router.rb:71:in `block in call'
  actionpack (4.1.1) lib/action_dispatch/journey/router.rb:59:in `each'
  actionpack (4.1.1) lib/action_dispatch/journey/router.rb:59:in `call'
  actionpack (4.1.1) lib/action_dispatch/routing/route_set.rb:676:in `call'
  rack (1.5.2) lib/rack/etag.rb:23:in `call'
  rack (1.5.2) lib/rack/conditionalget.rb:35:in `call'
  rack (1.5.2) lib/rack/head.rb:11:in `call'
  actionpack (4.1.1) lib/action_dispatch/middleware/params_parser.rb:27:in `call'
  actionpack (4.1.1) lib/action_dispatch/middleware/flash.rb:254:in `call'
  rack (1.5.2) lib/rack/session/abstract/id.rb:225:in `context'
  rack (1.5.2) lib/rack/session/abstract/id.rb:220:in `call'
  actionpack (4.1.1) lib/action_dispatch/middleware/cookies.rb:560:in `call'
  activerecord (4.1.1) lib/active_record/query_cache.rb:36:in `call'
  activerecord (4.1.1) lib/active_record/connection_adapters/abstract/connection_pool.rb:621:in `call'
  activerecord (4.1.1) lib/active_record/migration.rb:380:in `call'
  actionpack (4.1.1) lib/action_dispatch/middleware/callbacks.rb:29:in `block in call'
  activesupport (4.1.1) lib/active_support/callbacks.rb:82:in `run_callbacks'
  actionpack (4.1.1) lib/action_dispatch/middleware/callbacks.rb:27:in `call'
  actionpack (4.1.1) lib/action_dispatch/middleware/reloader.rb:73:in `call'
  actionpack (4.1.1) lib/action_dispatch/middleware/remote_ip.rb:76:in `call'
  actionpack (4.1.1) lib/action_dispatch/middleware/debug_exceptions.rb:17:in `call'
  actionpack (4.1.1) lib/action_dispatch/middleware/show_exceptions.rb:30:in `call'
  railties (4.1.1) lib/rails/rack/logger.rb:38:in `call_app'
  railties (4.1.1) lib/rails/rack/logger.rb:20:in `block in call'
  activesupport (4.1.1) lib/active_support/tagged_logging.rb:68:in `block in tagged'
  activesupport (4.1.1) lib/active_support/tagged_logging.rb:26:in `tagged'
  activesupport (4.1.1) lib/active_support/tagged_logging.rb:68:in `tagged'
  railties (4.1.1) lib/rails/rack/logger.rb:20:in `call'
  actionpack (4.1.1) lib/action_dispatch/middleware/request_id.rb:21:in `call'
  rack (1.5.2) lib/rack/methodoverride.rb:21:in `call'
  rack (1.5.2) lib/rack/runtime.rb:17:in `call'
  activesupport (4.1.1) lib/active_support/cache/strategy/local_cache_middleware.rb:26:in `call'
  rack (1.5.2) lib/rack/lock.rb:17:in `call'
  actionpack (4.1.1) lib/action_dispatch/middleware/static.rb:64:in `call'
  rack (1.5.2) lib/rack/sendfile.rb:112:in `call'
  railties (4.1.1) lib/rails/engine.rb:514:in `call'
  railties (4.1.1) lib/rails/application.rb:144:in `call'
  rack (1.5.2) lib/rack/lock.rb:17:in `call'
  rack (1.5.2) lib/rack/content_length.rb:14:in `call'
  rack (1.5.2) lib/rack/handler/webrick.rb:60:in `service'
  /Users/jthullbery/.rvm/rubies/ruby-1.9.3-p392/lib/ruby/1.9.1/webrick/httpserver.rb:138:in `service'
  /Users/jthullbery/.rvm/rubies/ruby-1.9.3-p392/lib/ruby/1.9.1/webrick/httpserver.rb:94:in `run'
  /Users/jthullbery/.rvm/rubies/ruby-1.9.3-p392/lib/ruby/1.9.1/webrick/server.rb:191:in `block in start_thread'


  Rendered /Users/jthullbery/.rvm/gems/ruby-1.9.3-p392/gems/actionpack-4.1.1/lib/action_dispatch/middleware/templates/rescues/missing_template.html.erb within rescues/layout (0.4ms)


Started POST "/submit_user_input" for 127.0.0.1 at 2014-05-20 11:41:03 -0400
Processing by DashboardController#submit as HTML
  Parameters: {"utf8"=>"✓", "authenticity_token"=>"gC8EHS+YB+LRrMVqEAw51kUy7hteFFgFq9wNvbHmG58=", "user_input"=>{"user_input"=>"This is input"}, "commit"=>"Save User input"}
  Rendered dashboard/submit.html.erb within layouts/application (0.4ms)
Completed 200 OK in 4ms (Views: 3.6ms | ActiveRecord: 0.0ms)


Started GET "/assets/dashboard.css?body=1" for 127.0.0.1 at 2014-05-20 11:41:03 -0400


Started GET "/assets/jquery_ujs.js?body=1" for 127.0.0.1 at 2014-05-20 11:41:03 -0400


Started GET "/assets/turbolinks.js?body=1" for 127.0.0.1 at 2014-05-20 11:41:03 -0400


Started GET "/assets/application.css?body=1" for 127.0.0.1 at 2014-05-20 11:41:03 -0400


Started GET "/assets/jquery.js?body=1" for 127.0.0.1 at 2014-05-20 11:41:03 -0400


Started GET "/assets/dashboard.js?body=1" for 127.0.0.1 at 2014-05-20 11:41:03 -0400


Started GET "/assets/application.js?body=1" for 127.0.0.1 at 2014-05-20 11:41:03 -0400


Started POST "/submit_user_input" for 127.0.0.1 at 2014-05-20 11:41:39 -0400
Processing by DashboardController#submit as HTML
  Parameters: {"utf8"=>"✓", "authenticity_token"=>"gC8EHS+YB+LRrMVqEAw51kUy7hteFFgFq9wNvbHmG58=", "user_input"=>{"user_input"=>"This is input"}, "commit"=>"Save User input"}
  Rendered dashboard/submit.html.erb within layouts/application (0.4ms)
Completed 200 OK in 4ms (Views: 3.6ms | ActiveRecord: 0.0ms)


Started GET "/assets/turbolinks.js?body=1" for 127.0.0.1 at 2014-05-20 11:41:39 -0400


Started GET "/assets/dashboard.js?body=1" for 127.0.0.1 at 2014-05-20 11:41:39 -0400


Started GET "/assets/application.css?body=1" for 127.0.0.1 at 2014-05-20 11:41:39 -0400


Started GET "/assets/jquery_ujs.js?body=1" for 127.0.0.1 at 2014-05-20 11:41:39 -0400


Started GET "/assets/jquery.js?body=1" for 127.0.0.1 at 2014-05-20 11:41:39 -0400


Started GET "/assets/dashboard.css?body=1" for 127.0.0.1 at 2014-05-20 11:41:39 -0400


Started GET "/assets/application.js?body=1" for 127.0.0.1 at 2014-05-20 11:41:39 -0400


Started POST "/submit_user_input" for 127.0.0.1 at 2014-05-20 11:41:59 -0400
Processing by DashboardController#submit as HTML
  Parameters: {"utf8"=>"✓", "authenticity_token"=>"gC8EHS+YB+LRrMVqEAw51kUy7hteFFgFq9wNvbHmG58=", "user_input"=>{"user_input"=>"This is input"}, "commit"=>"Save User input"}
  Rendered dashboard/submit.html.erb within layouts/application (0.5ms)
Completed 200 OK in 4ms (Views: 3.7ms | ActiveRecord: 0.0ms)


Started GET "/assets/application.css?body=1" for 127.0.0.1 at 2014-05-20 11:41:59 -0400


Started GET "/assets/jquery_ujs.js?body=1" for 127.0.0.1 at 2014-05-20 11:41:59 -0400


Started GET "/assets/jquery.js?body=1" for 127.0.0.1 at 2014-05-20 11:41:59 -0400


Started GET "/assets/dashboard.css?body=1" for 127.0.0.1 at 2014-05-20 11:41:59 -0400


Started GET "/assets/turbolinks.js?body=1" for 127.0.0.1 at 2014-05-20 11:41:59 -0400


Started GET "/assets/dashboard.js?body=1" for 127.0.0.1 at 2014-05-20 11:41:59 -0400


Started GET "/assets/application.js?body=1" for 127.0.0.1 at 2014-05-20 11:41:59 -0400


Started POST "/submit_user_input" for 127.0.0.1 at 2014-05-20 11:42:04 -0400
Processing by DashboardController#submit as HTML
  Parameters: {"utf8"=>"✓", "authenticity_token"=>"gC8EHS+YB+LRrMVqEAw51kUy7hteFFgFq9wNvbHmG58=", "user_input"=>{"user_input"=>"This is input"}, "commit"=>"Save User input"}
  Rendered dashboard/submit.html.erb within layouts/application (0.5ms)
Completed 200 OK in 4ms (Views: 3.7ms | ActiveRecord: 0.0ms)


Started GET "/assets/turbolinks.js?body=1" for 127.0.0.1 at 2014-05-20 11:42:04 -0400


Started GET "/assets/application.css?body=1" for 127.0.0.1 at 2014-05-20 11:42:04 -0400


Started GET "/assets/jquery.js?body=1" for 127.0.0.1 at 2014-05-20 11:42:04 -0400


Started GET "/assets/dashboard.css?body=1" for 127.0.0.1 at 2014-05-20 11:42:04 -0400


Started GET "/assets/jquery_ujs.js?body=1" for 127.0.0.1 at 2014-05-20 11:42:04 -0400


Started GET "/assets/dashboard.js?body=1" for 127.0.0.1 at 2014-05-20 11:42:04 -0400


Started GET "/assets/application.js?body=1" for 127.0.0.1 at 2014-05-20 11:42:04 -0400


Started POST "/submit_user_input" for 127.0.0.1 at 2014-05-20 11:42:24 -0400
Processing by DashboardController#submit as HTML
  Parameters: {"utf8"=>"✓", "authenticity_token"=>"gC8EHS+YB+LRrMVqEAw51kUy7hteFFgFq9wNvbHmG58=", "user_input"=>{"user_input"=>"This is input"}, "commit"=>"Save User input"}
  Rendered dashboard/submit.html.erb within layouts/application (0.5ms)
Completed 200 OK in 4ms (Views: 3.8ms | ActiveRecord: 0.0ms)


Started GET "/assets/jquery.js?body=1" for 127.0.0.1 at 2014-05-20 11:42:24 -0400


Started GET "/assets/jquery_ujs.js?body=1" for 127.0.0.1 at 2014-05-20 11:42:24 -0400


Started GET "/assets/dashboard.js?body=1" for 127.0.0.1 at 2014-05-20 11:42:24 -0400


Started GET "/assets/dashboard.css?body=1" for 127.0.0.1 at 2014-05-20 11:42:24 -0400


Started GET "/assets/application.css?body=1" for 127.0.0.1 at 2014-05-20 11:42:24 -0400


Started GET "/assets/turbolinks.js?body=1" for 127.0.0.1 at 2014-05-20 11:42:24 -0400


Started GET "/assets/application.js?body=1" for 127.0.0.1 at 2014-05-20 11:42:24 -0400
